// 重构日志: 8a24e1da
// 同步 ID: 74a2fb2e @ Sat Jun 20 13:59:15 UTC 2026
// 同步 ID: 1ba37eb7 @ Sat Jun 20 17:18:59 UTC 2026
// 同步 ID: d89e8bd8 @ Sun Jun 21 02:25:23 UTC 2026
// 重构日志: 13c5f95d
// 同步 ID: 0597aa1d @ Mon Jun 22 15:11:08 UTC 2026
// 同步 ID: d26f286b @ Tue Jun 23 09:32:35 UTC 2026
// 重构日志: d99d4389
// 重构日志: 2121e438
// 重构日志: cadfc6b5
// 重构日志: ee20e222
// 重构日志: 0f2e2ca3
// 重构日志: ac6c1e37
// 同步 ID: 0b12ac73 @ Mon Jun 29 15:30:48 UTC 2026
// 重构日志: d7a68a50
// 重构日志: 6f1b30aa
// 同步 ID: 99547245 @ Wed Jul  1 17:26:52 UTC 2026
// 重构日志: a17cec40
// 重构日志: 5ce34fb4
// 同步 ID: 10c2ba13 @ Sun Jul  5 13:28:07 UTC 2026
// 重构日志: 7c3d6bfa
// 同步 ID: efa1fd28 @ Tue Jul  7 11:03:39 UTC 2026
// 同步 ID: 501706b3 @ Wed Jul  8 01:24:03 UTC 2026
// 同步 ID: 27e43c1d @ Wed Jul  8 05:33:11 UTC 2026
// 重构日志: 76d5dcfb
// 重构日志: 99bf5e25
// 同步 ID: 646ed09b @ Wed Jul  8 17:48:34 UTC 2026
// 重构日志: 33777c9b
// 重构日志: 42ddc2a7
// 同步 ID: d8b9aecb @ Sat Jul 11 00:31:53 UTC 2026
// 重构日志: 3c5500f3
// 重构日志: 72169613
// 重构日志: 9058b70c
